2021-01-21 14:33:18 [httpLog] {"method":"POST","url":"/api/user/register","data":{"username":"123","password":"123456","password2":"123456"},"startTime":"2021-01-21 14:33:18","endTime":"2021-01-21 14:33:18","timeLength":41}
2021-01-21 14:33:32 [httpLog] {"method":"POST","url":"/api/user/login","data":{"username":"123","password":"123456"},"startTime":"2021-01-21 14:33:32","endTime":"2021-01-21 14:33:32","timeLength":12}
2021-01-21 14:33:41 [httpLog] {"method":"POST","url":"/api/house/hot","data":{},"startTime":"2021-01-21 14:33:41","endTime":"2021-01-21 14:33:41","timeLength":30}
2021-01-21 14:33:43 [httpLog] {"method":"POST","url":"/api/commons/citys","data":{},"startTime":"2021-01-21 14:33:41","endTime":"2021-01-21 14:33:43","timeLength":1500}
2021-01-21 14:33:54 [httpLog] {"method":"POST","url":"/api/house/hot","data":{},"startTime":"2021-01-21 14:33:54","endTime":"2021-01-21 14:33:54","timeLength":18}
2021-01-21 14:33:54 [httpLog] {"method":"POST","url":"/api/commons/citys","data":{},"startTime":"2021-01-21 14:33:54","endTime":"2021-01-21 14:33:54","timeLength":103}
2021-01-21 14:35:05 [httpLog] {"method":"POST","url":"/api/house/hot","data":{},"startTime":"2021-01-21 14:35:05","endTime":"2021-01-21 14:35:05","timeLength":15}
2021-01-21 14:35:05 [httpLog] {"method":"POST","url":"/api/commons/citys","data":{},"startTime":"2021-01-21 14:35:05","endTime":"2021-01-21 14:35:05","timeLength":183}
2021-01-21 14:35:45 [httpLog] {"method":"POST","url":"/api/house/hot","data":{},"startTime":"2021-01-21 14:35:45","endTime":"2021-01-21 14:35:45","timeLength":16}
2021-01-21 14:35:46 [httpLog] {"method":"POST","url":"/api/commons/citys","data":{},"startTime":"2021-01-21 14:35:45","endTime":"2021-01-21 14:35:46","timeLength":842}
2021-01-21 14:39:30 [httpLog] {"method":"POST","url":"/api/house/hot","data":{},"startTime":"2021-01-21 14:39:30","endTime":"2021-01-21 14:39:30","timeLength":29}
2021-01-21 14:39:30 [httpLog] {"method":"POST","url":"/api/commons/citys","data":{},"startTime":"2021-01-21 14:39:30","endTime":"2021-01-21 14:39:30","timeLength":400}
2021-01-21 14:39:51 [httpLog] {"method":"POST","url":"/api/user/login","data":{"username":"123","password":"123456"},"startTime":"2021-01-21 14:39:51","endTime":"2021-01-21 14:39:51","timeLength":18}
2021-01-21 14:39:51 [httpLog] {"method":"POST","url":"/api/house/hot","data":{},"startTime":"2021-01-21 14:39:51","endTime":"2021-01-21 14:39:51","timeLength":19}
2021-01-21 14:39:51 [httpLog] {"method":"POST","url":"/api/commons/citys","data":{},"startTime":"2021-01-21 14:39:51","endTime":"2021-01-21 14:39:51","timeLength":328}
2021-01-21 14:40:03 [httpLog] {"method":"POST","url":"/api/house/hot","data":{},"startTime":"2021-01-21 14:40:03","endTime":"2021-01-21 14:40:03","timeLength":22}
2021-01-21 14:40:03 [httpLog] {"method":"POST","url":"/api/commons/citys","data":{},"startTime":"2021-01-21 14:40:03","endTime":"2021-01-21 14:40:03","timeLength":553}
2021-01-21 14:41:01 [httpLog] {"method":"POST","url":"/api/house/hot","data":{},"startTime":"2021-01-21 14:41:01","endTime":"2021-01-21 14:41:01","timeLength":15}
2021-01-21 14:41:01 [httpLog] {"method":"POST","url":"/api/commons/citys","data":{},"startTime":"2021-01-21 14:41:01","endTime":"2021-01-21 14:41:01","timeLength":224}
2021-01-21 14:41:01 [httpLog] {"method":"POST","url":"/api/house/hot","data":{},"startTime":"2021-01-21 14:41:01","endTime":"2021-01-21 14:41:01","timeLength":9}
2021-01-21 14:41:01 [httpLog] {"method":"POST","url":"/api/commons/citys","data":{},"startTime":"2021-01-21 14:41:01","endTime":"2021-01-21 14:41:01","timeLength":170}
2021-01-21 14:41:02 [httpLog] {"method":"POST","url":"/api/house/hot","data":{},"startTime":"2021-01-21 14:41:02","endTime":"2021-01-21 14:41:02","timeLength":9}
2021-01-21 14:41:03 [httpLog] {"method":"POST","url":"/api/commons/citys","data":{},"startTime":"2021-01-21 14:41:02","endTime":"2021-01-21 14:41:03","timeLength":30}
2021-01-21 14:41:12 [httpLog] {"method":"POST","url":"/api/user/detail","data":{"id":10},"startTime":"2021-01-21 14:41:12","endTime":"2021-01-21 14:41:12","timeLength":9}
2021-01-21 14:41:15 [httpLog] {"method":"POST","url":"/api/house/hot","data":{},"startTime":"2021-01-21 14:41:15","endTime":"2021-01-21 14:41:15","timeLength":6}
2021-01-21 14:41:16 [httpLog] {"method":"POST","url":"/api/commons/citys","data":{},"startTime":"2021-01-21 14:41:15","endTime":"2021-01-21 14:41:16","timeLength":142}
2021-01-21 14:41:50 [httpLog] {"method":"POST","url":"/api/house/hot","data":{},"startTime":"2021-01-21 14:41:50","endTime":"2021-01-21 14:41:50","timeLength":12}
2021-01-21 14:41:50 [httpLog] {"method":"POST","url":"/api/commons/citys","data":{},"startTime":"2021-01-21 14:41:50","endTime":"2021-01-21 14:41:50","timeLength":98}
2021-01-21 14:42:05 [httpLog] {"method":"POST","url":"/api/house/hot","data":{},"startTime":"2021-01-21 14:42:05","endTime":"2021-01-21 14:42:05","timeLength":17}
2021-01-21 14:42:05 [httpLog] {"method":"POST","url":"/api/commons/citys","data":{},"startTime":"2021-01-21 14:42:05","endTime":"2021-01-21 14:42:05","timeLength":101}
2021-01-21 14:46:19 [httpLog] {"method":"POST","url":"/api/house/hot","data":{},"startTime":"2021-01-21 14:46:19","endTime":"2021-01-21 14:46:19","timeLength":29}
2021-01-21 14:46:24 [httpLog] {"method":"POST","url":"/api/commons/citys","data":{},"startTime":"2021-01-21 14:46:19","endTime":"2021-01-21 14:46:24","timeLength":5013}
2021-01-21 14:50:42 [httpLog] {"method":"POST","url":"/api/commons/citys","data":{},"startTime":"2021-01-21 14:50:42","endTime":"2021-01-21 14:50:42","timeLength":4}
2021-01-21 14:50:42 [httpLog] {"method":"POST","url":"/api/house/hot","data":{},"startTime":"2021-01-21 14:50:42","endTime":"2021-01-21 14:50:42","timeLength":26}
2021-01-21 14:50:44 [httpLog] {"method":"POST","url":"/api/commons/citys","data":{},"startTime":"2021-01-21 14:50:44","endTime":"2021-01-21 14:50:44","timeLength":0}
2021-01-21 14:50:44 [httpLog] {"method":"POST","url":"/api/house/hot","data":{},"startTime":"2021-01-21 14:50:44","endTime":"2021-01-21 14:50:44","timeLength":8}
2021-01-21 14:50:49 [httpLog] {"method":"POST","url":"/api/commons/citys","data":{},"startTime":"2021-01-21 14:50:49","endTime":"2021-01-21 14:50:49","timeLength":0}
2021-01-21 14:50:49 [httpLog] {"method":"POST","url":"/api/house/hot","data":{},"startTime":"2021-01-21 14:50:49","endTime":"2021-01-21 14:50:49","timeLength":11}
2021-01-21 14:51:31 [httpLog] {"method":"POST","url":"/api/commons/citys","data":{},"startTime":"2021-01-21 14:51:31","endTime":"2021-01-21 14:51:31","timeLength":3}
2021-01-21 14:51:31 [httpLog] {"method":"POST","url":"/api/house/hot","data":{},"startTime":"2021-01-21 14:51:31","endTime":"2021-01-21 14:51:31","timeLength":37}
2021-01-21 14:52:03 [httpLog] {"method":"POST","url":"/api/commons/citys","data":{},"startTime":"2021-01-21 14:52:03","endTime":"2021-01-21 14:52:03","timeLength":3}
2021-01-21 14:52:03 [httpLog] {"method":"POST","url":"/api/house/hot","data":{},"startTime":"2021-01-21 14:52:03","endTime":"2021-01-21 14:52:03","timeLength":36}
2021-01-21 14:52:05 [httpLog] {"method":"POST","url":"/api/commons/citys","data":{},"startTime":"2021-01-21 14:52:05","endTime":"2021-01-21 14:52:05","timeLength":3}
2021-01-21 14:52:05 [httpLog] {"method":"POST","url":"/api/house/hot","data":{},"startTime":"2021-01-21 14:52:05","endTime":"2021-01-21 14:52:05","timeLength":36}
2021-01-21 14:52:16 [httpLog] {"method":"POST","url":"/api/user/detail","data":{"id":10},"startTime":"2021-01-21 14:52:16","endTime":"2021-01-21 14:52:16","timeLength":22}
2021-01-21 14:52:17 [httpLog] {"method":"POST","url":"/api/commons/citys","data":{},"startTime":"2021-01-21 14:52:17","endTime":"2021-01-21 14:52:17","timeLength":2}
2021-01-21 14:52:17 [httpLog] {"method":"POST","url":"/api/house/hot","data":{},"startTime":"2021-01-21 14:52:17","endTime":"2021-01-21 14:52:17","timeLength":26}
2021-01-21 14:52:48 [httpLog] {"method":"POST","url":"/api/commons/citys","data":{},"startTime":"2021-01-21 14:52:48","endTime":"2021-01-21 14:52:48","timeLength":3}
2021-01-21 14:52:48 [httpLog] {"method":"POST","url":"/api/house/hot","data":{},"startTime":"2021-01-21 14:52:48","endTime":"2021-01-21 14:52:48","timeLength":32}
2021-01-21 14:53:00 [httpLog] {"method":"POST","url":"/api/commons/citys","data":{},"startTime":"2021-01-21 14:53:00","endTime":"2021-01-21 14:53:00","timeLength":3}
2021-01-21 14:53:00 [httpLog] {"method":"POST","url":"/api/house/hot","data":{},"startTime":"2021-01-21 14:53:00","endTime":"2021-01-21 14:53:00","timeLength":32}
2021-01-21 14:53:00 [httpLog] {"method":"POST","url":"/api/commons/citys","data":{},"startTime":"2021-01-21 14:53:00","endTime":"2021-01-21 14:53:00","timeLength":4}
2021-01-21 14:53:00 [httpLog] {"method":"POST","url":"/api/house/hot","data":{},"startTime":"2021-01-21 14:53:00","endTime":"2021-01-21 14:53:00","timeLength":34}
2021-01-21 14:53:19 [httpLog] {"method":"POST","url":"/api/user/detail","data":{"id":10},"startTime":"2021-01-21 14:53:19","endTime":"2021-01-21 14:53:19","timeLength":13}
2021-01-21 14:53:21 [httpLog] {"method":"POST","url":"/api/commons/citys","data":{},"startTime":"2021-01-21 14:53:21","endTime":"2021-01-21 14:53:21","timeLength":0}
2021-01-21 14:53:21 [httpLog] {"method":"POST","url":"/api/house/hot","data":{},"startTime":"2021-01-21 14:53:21","endTime":"2021-01-21 14:53:21","timeLength":16}
2021-01-21 14:54:46 [httpLog] {"method":"POST","url":"/api/commons/citys","data":{},"startTime":"2021-01-21 14:54:46","endTime":"2021-01-21 14:54:46","timeLength":0}
2021-01-21 14:54:46 [httpLog] {"method":"POST","url":"/api/house/hot","data":{},"startTime":"2021-01-21 14:54:46","endTime":"2021-01-21 14:54:46","timeLength":17}
2021-01-21 14:54:55 [httpLog] {"method":"POST","url":"/api/commons/citys","data":{},"startTime":"2021-01-21 14:54:55","endTime":"2021-01-21 14:54:55","timeLength":0}
2021-01-21 14:54:55 [httpLog] {"method":"POST","url":"/api/house/hot","data":{},"startTime":"2021-01-21 14:54:55","endTime":"2021-01-21 14:54:55","timeLength":19}
2021-01-21 14:55:19 [httpLog] {"method":"POST","url":"/api/commons/citys","data":{},"startTime":"2021-01-21 14:55:19","endTime":"2021-01-21 14:55:19","timeLength":0}
2021-01-21 14:55:19 [httpLog] {"method":"POST","url":"/api/house/hot","data":{},"startTime":"2021-01-21 14:55:19","endTime":"2021-01-21 14:55:19","timeLength":16}
2021-01-21 14:55:41 [httpLog] {"method":"POST","url":"/api/user/detail","data":{"id":10},"startTime":"2021-01-21 14:55:41","endTime":"2021-01-21 14:55:41","timeLength":16}
2021-01-21 14:55:42 [httpLog] {"method":"POST","url":"/api/commons/citys","data":{},"startTime":"2021-01-21 14:55:42","endTime":"2021-01-21 14:55:42","timeLength":1}
2021-01-21 14:55:42 [httpLog] {"method":"POST","url":"/api/house/hot","data":{},"startTime":"2021-01-21 14:55:42","endTime":"2021-01-21 14:55:42","timeLength":15}
2021-01-21 14:55:45 [httpLog] {"method":"POST","url":"/api/commons/citys","data":{},"startTime":"2021-01-21 14:55:45","endTime":"2021-01-21 14:55:45","timeLength":0}
2021-01-21 14:55:45 [httpLog] {"method":"POST","url":"/api/house/hot","data":{},"startTime":"2021-01-21 14:55:45","endTime":"2021-01-21 14:55:45","timeLength":14}
2021-01-21 14:57:04 [httpLog] {"method":"POST","url":"/api/commons/citys","data":{},"startTime":"2021-01-21 14:57:04","endTime":"2021-01-21 14:57:04","timeLength":0}
2021-01-21 14:57:04 [httpLog] {"method":"POST","url":"/api/house/hot","data":{},"startTime":"2021-01-21 14:57:04","endTime":"2021-01-21 14:57:04","timeLength":15}
2021-01-21 14:57:07 [httpLog] {"method":"POST","url":"/api/commons/citys","data":{},"startTime":"2021-01-21 14:57:07","endTime":"2021-01-21 14:57:07","timeLength":1}
2021-01-21 14:57:07 [httpLog] {"method":"POST","url":"/api/house/hot","data":{},"startTime":"2021-01-21 14:57:07","endTime":"2021-01-21 14:57:07","timeLength":15}
2021-01-21 14:57:17 [httpLog] {"method":"POST","url":"/api/commons/citys","data":{},"startTime":"2021-01-21 14:57:17","endTime":"2021-01-21 14:57:17","timeLength":0}
2021-01-21 14:57:17 [httpLog] {"method":"POST","url":"/api/house/hot","data":{},"startTime":"2021-01-21 14:57:17","endTime":"2021-01-21 14:57:17","timeLength":14}
2021-01-21 14:57:28 [httpLog] {"method":"POST","url":"/api/commons/citys","data":{},"startTime":"2021-01-21 14:57:28","endTime":"2021-01-21 14:57:28","timeLength":0}
2021-01-21 14:57:28 [httpLog] {"method":"POST","url":"/api/house/hot","data":{},"startTime":"2021-01-21 14:57:28","endTime":"2021-01-21 14:57:28","timeLength":14}
2021-01-21 14:57:29 [httpLog] {"method":"POST","url":"/api/comment/lists","data":{"id":2,"pageSize":8,"pageNum":1},"startTime":"2021-01-21 14:57:29","endTime":"2021-01-21 14:57:29","timeLength":17}
2021-01-21 14:57:29 [httpLog] {"method":"POST","url":"/api/house/detail","data":{"id":2},"startTime":"2021-01-21 14:57:29","endTime":"2021-01-21 14:57:29","timeLength":32}
2021-01-21 14:57:37 [httpLog] {"method":"POST","url":"/api/comment/lists","data":{"id":"2","pageSize":8,"pageNum":1},"startTime":"2021-01-21 14:57:37","endTime":"2021-01-21 14:57:37","timeLength":26}
2021-01-21 14:57:37 [httpLog] {"method":"POST","url":"/api/house/detail","data":{"id":"2"},"startTime":"2021-01-21 14:57:37","endTime":"2021-01-21 14:57:37","timeLength":29}
2021-01-21 14:57:43 [httpLog] {"method":"POST","url":"/api/commons/citys","data":{},"startTime":"2021-01-21 14:57:43","endTime":"2021-01-21 14:57:43","timeLength":0}
2021-01-21 14:57:43 [httpLog] {"method":"POST","url":"/api/house/hot","data":{},"startTime":"2021-01-21 14:57:43","endTime":"2021-01-21 14:57:43","timeLength":14}
2021-01-21 14:58:40 [httpLog] {"method":"POST","url":"/api/commons/citys","data":{},"startTime":"2021-01-21 14:58:40","endTime":"2021-01-21 14:58:40","timeLength":1}
2021-01-21 14:58:40 [httpLog] {"method":"POST","url":"/api/house/hot","data":{},"startTime":"2021-01-21 14:58:40","endTime":"2021-01-21 14:58:40","timeLength":15}
2021-01-21 14:58:45 [httpLog] {"method":"POST","url":"/api/user/detail","data":{"id":10},"startTime":"2021-01-21 14:58:45","endTime":"2021-01-21 14:58:45","timeLength":18}
2021-01-24 11:43:11 [httpLog] {"method":"POST","url":"/api/user/login","data":{"username":"123","password":"123"},"startTime":"2021-01-24 11:43:11","endTime":"2021-01-24 11:43:11","timeLength":24}
2021-01-24 11:43:41 [httpLog] {"method":"POST","url":"/api/user/login","data":{"username":"123","password":"123456"},"startTime":"2021-01-24 11:43:41","endTime":"2021-01-24 11:43:41","timeLength":14}
2021-01-24 11:43:48 [httpLog] {"method":"POST","url":"/api/commons/citys","data":{},"startTime":"2021-01-24 11:43:48","endTime":"2021-01-24 11:43:48","timeLength":1}
2021-01-24 11:43:48 [httpLog] {"method":"POST","url":"/api/house/hot","data":{},"startTime":"2021-01-24 11:43:48","endTime":"2021-01-24 11:43:48","timeLength":20}
2021-01-24 11:43:53 [httpLog] {"method":"POST","url":"/api/user/detail","data":{"id":10},"startTime":"2021-01-24 11:43:53","endTime":"2021-01-24 11:43:53","timeLength":5}
2021-01-24 11:44:01 [httpLog] {"method":"POST","url":"/api/commons/citys","data":{},"startTime":"2021-01-24 11:44:01","endTime":"2021-01-24 11:44:01","timeLength":0}
2021-01-24 11:44:01 [httpLog] {"method":"POST","url":"/api/house/hot","data":{},"startTime":"2021-01-24 11:44:01","endTime":"2021-01-24 11:44:01","timeLength":12}
